17:53:15.245 | INFO  |                     HorseIntegrationTest: Starting HorseIntegrationTest on DESKTOP-9S8DPDA with PID 35008 (started by nikit in C:\Users\nikit\Documents\UNI\SEPM2019\sepm-individual-assignment-java-template\01526589)
17:53:15.249 | DEBUG |                     HorseIntegrationTest: Running with Spring Boot v2.1.2.RELEASE, Spring v5.1.4.RELEASE
17:53:15.249 | INFO  |                     HorseIntegrationTest: The following profiles are active: test
17:53:18.892 | INFO  |                      DBConnectionManager: Close database connection
17:53:19.007 | INFO  |                     HorseIntegrationTest: Starting HorseIntegrationTest on DESKTOP-9S8DPDA with PID 35008 (started by nikit in C:\Users\nikit\Documents\UNI\SEPM2019\sepm-individual-assignment-java-template\01526589)
17:53:19.007 | DEBUG |                     HorseIntegrationTest: Running with Spring Boot v2.1.2.RELEASE, Spring v5.1.4.RELEASE
17:53:19.007 | INFO  |                     HorseIntegrationTest: The following profiles are active: test
17:53:20.127 | INFO  |                      DBConnectionManager: Close database connection
17:53:20.245 | INFO  |                     HorseIntegrationTest: Starting HorseIntegrationTest on DESKTOP-9S8DPDA with PID 35008 (started by nikit in C:\Users\nikit\Documents\UNI\SEPM2019\sepm-individual-assignment-java-template\01526589)
17:53:20.245 | DEBUG |                     HorseIntegrationTest: Running with Spring Boot v2.1.2.RELEASE, Spring v5.1.4.RELEASE
17:53:20.245 | INFO  |                     HorseIntegrationTest: The following profiles are active: test
17:53:21.259 | INFO  |                      DBConnectionManager: Close database connection
17:53:21.333 | INFO  |                     HorseIntegrationTest: Starting HorseIntegrationTest on DESKTOP-9S8DPDA with PID 35008 (started by nikit in C:\Users\nikit\Documents\UNI\SEPM2019\sepm-individual-assignment-java-template\01526589)
17:53:21.334 | DEBUG |                     HorseIntegrationTest: Running with Spring Boot v2.1.2.RELEASE, Spring v5.1.4.RELEASE
17:53:21.334 | INFO  |                     HorseIntegrationTest: The following profiles are active: test
17:53:22.316 | INFO  |                      DBConnectionManager: Close database connection
17:53:22.402 | INFO  |                     HorseIntegrationTest: Starting HorseIntegrationTest on DESKTOP-9S8DPDA with PID 35008 (started by nikit in C:\Users\nikit\Documents\UNI\SEPM2019\sepm-individual-assignment-java-template\01526589)
17:53:22.403 | DEBUG |                     HorseIntegrationTest: Running with Spring Boot v2.1.2.RELEASE, Spring v5.1.4.RELEASE
17:53:22.404 | INFO  |                     HorseIntegrationTest: The following profiles are active: test
17:53:23.289 | INFO  |                      DBConnectionManager: Close database connection
17:53:23.360 | INFO  |                     HorseIntegrationTest: Starting HorseIntegrationTest on DESKTOP-9S8DPDA with PID 35008 (started by nikit in C:\Users\nikit\Documents\UNI\SEPM2019\sepm-individual-assignment-java-template\01526589)
17:53:23.361 | DEBUG |                     HorseIntegrationTest: Running with Spring Boot v2.1.2.RELEASE, Spring v5.1.4.RELEASE
17:53:23.361 | INFO  |                     HorseIntegrationTest: The following profiles are active: test
17:53:24.302 | INFO  |                      DBConnectionManager: Close database connection
17:53:24.397 | INFO  |                     HorseIntegrationTest: Starting HorseIntegrationTest on DESKTOP-9S8DPDA with PID 35008 (started by nikit in C:\Users\nikit\Documents\UNI\SEPM2019\sepm-individual-assignment-java-template\01526589)
17:53:24.398 | DEBUG |                     HorseIntegrationTest: Running with Spring Boot v2.1.2.RELEASE, Spring v5.1.4.RELEASE
17:53:24.398 | INFO  |                     HorseIntegrationTest: The following profiles are active: test
17:53:25.304 | INFO  |                      DBConnectionManager: Close database connection
17:53:25.372 | INFO  |                     HorseIntegrationTest: Starting HorseIntegrationTest on DESKTOP-9S8DPDA with PID 35008 (started by nikit in C:\Users\nikit\Documents\UNI\SEPM2019\sepm-individual-assignment-java-template\01526589)
17:53:25.373 | DEBUG |                     HorseIntegrationTest: Running with Spring Boot v2.1.2.RELEASE, Spring v5.1.4.RELEASE
17:53:25.373 | INFO  |                     HorseIntegrationTest: The following profiles are active: test
17:53:26.293 | INFO  |                      DBConnectionManager: Close database connection
17:53:26.354 | INFO  |                     HorseIntegrationTest: Starting HorseIntegrationTest on DESKTOP-9S8DPDA with PID 35008 (started by nikit in C:\Users\nikit\Documents\UNI\SEPM2019\sepm-individual-assignment-java-template\01526589)
17:53:26.355 | DEBUG |                     HorseIntegrationTest: Running with Spring Boot v2.1.2.RELEASE, Spring v5.1.4.RELEASE
17:53:26.355 | INFO  |                     HorseIntegrationTest: The following profiles are active: test
17:53:27.190 | INFO  |                      DBConnectionManager: Close database connection
17:53:27.247 | INFO  |                     HorseIntegrationTest: Starting HorseIntegrationTest on DESKTOP-9S8DPDA with PID 35008 (started by nikit in C:\Users\nikit\Documents\UNI\SEPM2019\sepm-individual-assignment-java-template\01526589)
17:53:27.247 | DEBUG |                     HorseIntegrationTest: Running with Spring Boot v2.1.2.RELEASE, Spring v5.1.4.RELEASE
17:53:27.247 | INFO  |                     HorseIntegrationTest: The following profiles are active: test
17:53:28.123 | INFO  |                      DBConnectionManager: Close database connection
17:53:28.214 | INFO  |                    JockeyIntegrationTest: Starting JockeyIntegrationTest on DESKTOP-9S8DPDA with PID 35008 (started by nikit in C:\Users\nikit\Documents\UNI\SEPM2019\sepm-individual-assignment-java-template\01526589)
17:53:28.214 | DEBUG |                    JockeyIntegrationTest: Running with Spring Boot v2.1.2.RELEASE, Spring v5.1.4.RELEASE
17:53:28.214 | INFO  |                    JockeyIntegrationTest: The following profiles are active: test
17:53:29.070 | INFO  |                      DBConnectionManager: Close database connection
17:53:29.134 | INFO  |                    JockeyIntegrationTest: Starting JockeyIntegrationTest on DESKTOP-9S8DPDA with PID 35008 (started by nikit in C:\Users\nikit\Documents\UNI\SEPM2019\sepm-individual-assignment-java-template\01526589)
17:53:29.135 | DEBUG |                    JockeyIntegrationTest: Running with Spring Boot v2.1.2.RELEASE, Spring v5.1.4.RELEASE
17:53:29.135 | INFO  |                    JockeyIntegrationTest: The following profiles are active: test
17:53:29.979 | INFO  |                      DBConnectionManager: Close database connection
17:53:30.045 | INFO  |                    JockeyIntegrationTest: Starting JockeyIntegrationTest on DESKTOP-9S8DPDA with PID 35008 (started by nikit in C:\Users\nikit\Documents\UNI\SEPM2019\sepm-individual-assignment-java-template\01526589)
17:53:30.046 | DEBUG |                    JockeyIntegrationTest: Running with Spring Boot v2.1.2.RELEASE, Spring v5.1.4.RELEASE
17:53:30.046 | INFO  |                    JockeyIntegrationTest: The following profiles are active: test
17:53:30.867 | INFO  |                      DBConnectionManager: Close database connection
17:53:30.935 | INFO  |                    JockeyIntegrationTest: Starting JockeyIntegrationTest on DESKTOP-9S8DPDA with PID 35008 (started by nikit in C:\Users\nikit\Documents\UNI\SEPM2019\sepm-individual-assignment-java-template\01526589)
17:53:30.935 | DEBUG |                    JockeyIntegrationTest: Running with Spring Boot v2.1.2.RELEASE, Spring v5.1.4.RELEASE
17:53:30.935 | INFO  |                    JockeyIntegrationTest: The following profiles are active: test
17:53:31.741 | INFO  |                      DBConnectionManager: Close database connection
17:53:31.812 | INFO  |                    JockeyIntegrationTest: Starting JockeyIntegrationTest on DESKTOP-9S8DPDA with PID 35008 (started by nikit in C:\Users\nikit\Documents\UNI\SEPM2019\sepm-individual-assignment-java-template\01526589)
17:53:31.812 | DEBUG |                    JockeyIntegrationTest: Running with Spring Boot v2.1.2.RELEASE, Spring v5.1.4.RELEASE
17:53:31.813 | INFO  |                    JockeyIntegrationTest: The following profiles are active: test
17:53:32.634 | INFO  |                      DBConnectionManager: Close database connection
17:53:32.706 | INFO  |                    JockeyIntegrationTest: Starting JockeyIntegrationTest on DESKTOP-9S8DPDA with PID 35008 (started by nikit in C:\Users\nikit\Documents\UNI\SEPM2019\sepm-individual-assignment-java-template\01526589)
17:53:32.706 | DEBUG |                    JockeyIntegrationTest: Running with Spring Boot v2.1.2.RELEASE, Spring v5.1.4.RELEASE
17:53:32.706 | INFO  |                    JockeyIntegrationTest: The following profiles are active: test
17:53:33.579 | INFO  |                      DBConnectionManager: Close database connection
17:53:33.651 | INFO  |                    JockeyIntegrationTest: Starting JockeyIntegrationTest on DESKTOP-9S8DPDA with PID 35008 (started by nikit in C:\Users\nikit\Documents\UNI\SEPM2019\sepm-individual-assignment-java-template\01526589)
17:53:33.651 | DEBUG |                    JockeyIntegrationTest: Running with Spring Boot v2.1.2.RELEASE, Spring v5.1.4.RELEASE
17:53:33.651 | INFO  |                    JockeyIntegrationTest: The following profiles are active: test
17:53:34.515 | INFO  |                      DBConnectionManager: Close database connection
17:53:34.570 | INFO  |                    JockeyIntegrationTest: Starting JockeyIntegrationTest on DESKTOP-9S8DPDA with PID 35008 (started by nikit in C:\Users\nikit\Documents\UNI\SEPM2019\sepm-individual-assignment-java-template\01526589)
17:53:34.570 | DEBUG |                    JockeyIntegrationTest: Running with Spring Boot v2.1.2.RELEASE, Spring v5.1.4.RELEASE
17:53:34.570 | INFO  |                    JockeyIntegrationTest: The following profiles are active: test
17:53:35.265 | INFO  |                      DBConnectionManager: Close database connection
17:53:35.319 | INFO  |                    JockeyIntegrationTest: Starting JockeyIntegrationTest on DESKTOP-9S8DPDA with PID 35008 (started by nikit in C:\Users\nikit\Documents\UNI\SEPM2019\sepm-individual-assignment-java-template\01526589)
17:53:35.320 | DEBUG |                    JockeyIntegrationTest: Running with Spring Boot v2.1.2.RELEASE, Spring v5.1.4.RELEASE
17:53:35.320 | INFO  |                    JockeyIntegrationTest: The following profiles are active: test
17:53:36.075 | INFO  |                      DBConnectionManager: Close database connection
17:53:36.131 | INFO  |                    JockeyIntegrationTest: Starting JockeyIntegrationTest on DESKTOP-9S8DPDA with PID 35008 (started by nikit in C:\Users\nikit\Documents\UNI\SEPM2019\sepm-individual-assignment-java-template\01526589)
17:53:36.132 | DEBUG |                    JockeyIntegrationTest: Running with Spring Boot v2.1.2.RELEASE, Spring v5.1.4.RELEASE
17:53:36.132 | INFO  |                    JockeyIntegrationTest: The following profiles are active: test
17:53:36.785 | INFO  |                      DBConnectionManager: Close database connection
17:53:36.841 | INFO  |                SimulationIntegrationTest: Starting SimulationIntegrationTest on DESKTOP-9S8DPDA with PID 35008 (started by nikit in C:\Users\nikit\Documents\UNI\SEPM2019\sepm-individual-assignment-java-template\01526589)
17:53:36.841 | DEBUG |                SimulationIntegrationTest: Running with Spring Boot v2.1.2.RELEASE, Spring v5.1.4.RELEASE
17:53:36.841 | INFO  |                SimulationIntegrationTest: The following profiles are active: test
17:53:37.510 | INFO  |                      DBConnectionManager: Close database connection
17:53:37.557 | INFO  |                SimulationIntegrationTest: Starting SimulationIntegrationTest on DESKTOP-9S8DPDA with PID 35008 (started by nikit in C:\Users\nikit\Documents\UNI\SEPM2019\sepm-individual-assignment-java-template\01526589)
17:53:37.557 | DEBUG |                SimulationIntegrationTest: Running with Spring Boot v2.1.2.RELEASE, Spring v5.1.4.RELEASE
17:53:37.557 | INFO  |                SimulationIntegrationTest: The following profiles are active: test
17:53:38.231 | INFO  |                      DBConnectionManager: Close database connection
17:53:38.294 | INFO  |                             HorseDaoTest: Starting HorseDaoTest on DESKTOP-9S8DPDA with PID 35008 (started by nikit in C:\Users\nikit\Documents\UNI\SEPM2019\sepm-individual-assignment-java-template\01526589)
17:53:38.294 | DEBUG |                             HorseDaoTest: Running with Spring Boot v2.1.2.RELEASE, Spring v5.1.4.RELEASE
17:53:38.294 | INFO  |                             HorseDaoTest: The following profiles are active: test
17:53:38.893 | INFO  |                      DBConnectionManager: Close database connection
17:54:42.769 | INFO  |                     HorseIntegrationTest: Starting HorseIntegrationTest on DESKTOP-9S8DPDA with PID 7316 (started by nikit in C:\Users\nikit\Documents\UNI\SEPM2019\sepm-individual-assignment-java-template\01526589)
17:54:42.773 | DEBUG |                     HorseIntegrationTest: Running with Spring Boot v2.1.2.RELEASE, Spring v5.1.4.RELEASE
17:54:42.774 | INFO  |                     HorseIntegrationTest: The following profiles are active: test
17:54:46.979 | INFO  |                     HorseIntegrationTest: Started HorseIntegrationTest in 4.823 seconds (JVM running for 7.434)
17:54:48.046 | INFO  |                            HorseEndpoint: POST /api/v1/horses HorseDto{id=null, name='Horse1', breed='Breed1', minSpeed=45.0, maxSpeed=55.0, created=null, updated=null}
17:54:48.050 | INFO  |                             HorseService: Inserting horse in service layer Horse{id=null, name='Horse1', breed='Breed1', minSpeed=45.0, maxSpeed=55.0, created=null, updated=null}
17:54:48.052 | INFO  |                                 HorseDao: insert Horse Horse{id=null, name='Horse1', breed='Breed1', minSpeed=45.0, maxSpeed=55.0, created=null, updated=null}
17:54:48.052 | INFO  |                      DBConnectionManager: Get database connection
17:54:48.053 | INFO  |                      DBConnectionManager: Establish database connection
17:54:48.435 | INFO  |                                 HorseDao: Get horse with id 1
17:54:48.435 | INFO  |                      DBConnectionManager: Get database connection
17:54:48.438 | INFO  |                                 HorseDao: Successfully inserted horse with id: 1
17:54:48.488 | INFO  |                            HorseEndpoint: POST /api/v1/horses HorseDto{id=null, name='Horse2', breed='null', minSpeed=40.0, maxSpeed=60.0, created=null, updated=null}
17:54:48.489 | INFO  |                             HorseService: Inserting horse in service layer Horse{id=null, name='Horse2', breed='null', minSpeed=40.0, maxSpeed=60.0, created=null, updated=null}
17:54:48.489 | INFO  |                                 HorseDao: insert Horse Horse{id=null, name='Horse2', breed='null', minSpeed=40.0, maxSpeed=60.0, created=null, updated=null}
17:54:48.489 | INFO  |                      DBConnectionManager: Get database connection
17:54:48.492 | INFO  |                                 HorseDao: Get horse with id 2
17:54:48.493 | INFO  |                      DBConnectionManager: Get database connection
17:54:48.494 | INFO  |                                 HorseDao: Successfully inserted horse with id: 2
17:54:48.507 | INFO  |                            HorseEndpoint: DELETE /api/v1/horses 1
17:54:48.508 | INFO  |                             HorseService: Deleting horse with id 1 in service layer
17:54:48.509 | INFO  |                                 HorseDao: deleting horse with id 1
17:54:48.509 | INFO  |                                 HorseDao: Get horse with id 1
17:54:48.509 | INFO  |                      DBConnectionManager: Get database connection
17:54:48.511 | INFO  |                      DBConnectionManager: Get database connection
17:54:48.515 | INFO  |                                 HorseDao: Successfully deleted horse with id: 1
17:54:48.524 | INFO  |                            HorseEndpoint: GET /api/v1/horses
17:54:48.525 | INFO  |                             HorseService: Getting all horses in service layer
17:54:48.525 | INFO  |                                 HorseDao: Getting all Horses from database
17:54:48.525 | INFO  |                      DBConnectionManager: Get database connection
17:54:48.526 | INFO  |                                 HorseDao: Successfully got all horses
17:54:48.540 | INFO  |                      DBConnectionManager: Close database connection
17:54:48.558 | INFO  |                            HorseEndpoint: POST /api/v1/horses HorseDto{id=null, name='Horse1', breed='Breed1', minSpeed=45.0, maxSpeed=55.0, created=null, updated=null}
17:54:48.558 | INFO  |                             HorseService: Inserting horse in service layer Horse{id=null, name='Horse1', breed='Breed1', minSpeed=45.0, maxSpeed=55.0, created=null, updated=null}
17:54:48.558 | INFO  |                                 HorseDao: insert Horse Horse{id=null, name='Horse1', breed='Breed1', minSpeed=45.0, maxSpeed=55.0, created=null, updated=null}
17:54:48.559 | INFO  |                      DBConnectionManager: Get database connection
17:54:48.559 | INFO  |                      DBConnectionManager: Establish database connection
17:54:48.583 | INFO  |                                 HorseDao: Get horse with id 1
17:54:48.583 | INFO  |                      DBConnectionManager: Get database connection
17:54:48.584 | INFO  |                                 HorseDao: Successfully inserted horse with id: 1
17:54:48.593 | INFO  |                            HorseEndpoint: POST /api/v1/horses HorseDto{id=null, name='Horse2', breed='null', minSpeed=40.0, maxSpeed=60.0, created=null, updated=null}
17:54:48.593 | INFO  |                             HorseService: Inserting horse in service layer Horse{id=null, name='Horse2', breed='null', minSpeed=40.0, maxSpeed=60.0, created=null, updated=null}
17:54:48.593 | INFO  |                                 HorseDao: insert Horse Horse{id=null, name='Horse2', breed='null', minSpeed=40.0, maxSpeed=60.0, created=null, updated=null}
17:54:48.593 | INFO  |                      DBConnectionManager: Get database connection
17:54:48.596 | INFO  |                                 HorseDao: Get horse with id 2
17:54:48.596 | INFO  |                      DBConnectionManager: Get database connection
17:54:48.597 | INFO  |                                 HorseDao: Successfully inserted horse with id: 2
17:54:48.605 | INFO  |                            HorseEndpoint: GET /api/v1/horses
17:54:48.606 | INFO  |                             HorseService: Getting all horses in service layer
17:54:48.606 | INFO  |                                 HorseDao: Getting all Horses from database
17:54:48.606 | INFO  |                      DBConnectionManager: Get database connection
17:54:48.608 | INFO  |                                 HorseDao: Successfully got all horses
17:54:48.612 | INFO  |                      DBConnectionManager: Close database connection
17:54:48.624 | INFO  |                            HorseEndpoint: POST /api/v1/horses HorseDto{id=null, name='Horse1', breed='Breed1', minSpeed=45.0, maxSpeed=55.0, created=null, updated=null}
17:54:48.624 | INFO  |                             HorseService: Inserting horse in service layer Horse{id=null, name='Horse1', breed='Breed1', minSpeed=45.0, maxSpeed=55.0, created=null, updated=null}
17:54:48.624 | INFO  |                                 HorseDao: insert Horse Horse{id=null, name='Horse1', breed='Breed1', minSpeed=45.0, maxSpeed=55.0, created=null, updated=null}
17:54:48.625 | INFO  |                      DBConnectionManager: Get database connection
17:54:48.625 | INFO  |                      DBConnectionManager: Establish database connection
17:54:48.648 | INFO  |                                 HorseDao: Get horse with id 1
17:54:48.648 | INFO  |                      DBConnectionManager: Get database connection
17:54:48.650 | INFO  |                                 HorseDao: Successfully inserted horse with id: 1
17:54:48.656 | INFO  |                            HorseEndpoint: GET /api/v1/horses/1
17:54:48.657 | INFO  |                             HorseService: Get horse with id 1
17:54:48.657 | INFO  |                                 HorseDao: Get horse with id 1
17:54:48.658 | INFO  |                      DBConnectionManager: Get database connection
17:54:48.661 | INFO  |                      DBConnectionManager: Close database connection
17:54:48.675 | INFO  |                            HorseEndpoint: POST /api/v1/horses HorseDto{id=null, name='Horse1', breed='Breed1', minSpeed=45.0, maxSpeed=55.0, created=null, updated=null}
17:54:48.675 | INFO  |                             HorseService: Inserting horse in service layer Horse{id=null, name='Horse1', breed='Breed1', minSpeed=45.0, maxSpeed=55.0, created=null, updated=null}
17:54:48.675 | INFO  |                                 HorseDao: insert Horse Horse{id=null, name='Horse1', breed='Breed1', minSpeed=45.0, maxSpeed=55.0, created=null, updated=null}
17:54:48.675 | INFO  |                      DBConnectionManager: Get database connection
17:54:48.675 | INFO  |                      DBConnectionManager: Establish database connection
17:54:48.701 | INFO  |                                 HorseDao: Get horse with id 1
17:54:48.702 | INFO  |                      DBConnectionManager: Get database connection
17:54:48.703 | INFO  |                                 HorseDao: Successfully inserted horse with id: 1
17:54:48.708 | INFO  |                            HorseEndpoint: GET /api/v1/horses
17:54:48.709 | INFO  |                             HorseService: Getting all horses in service layer
17:54:48.709 | INFO  |                                 HorseDao: Getting all Horses from database
17:54:48.709 | INFO  |                      DBConnectionManager: Get database connection
17:54:48.711 | INFO  |                                 HorseDao: Successfully got all horses
17:54:48.714 | INFO  |                      DBConnectionManager: Close database connection
17:54:48.725 | INFO  |                            HorseEndpoint: POST /api/v1/horses HorseDto{id=null, name='Horse1', breed='Breed1', minSpeed=45.0, maxSpeed=55.0, created=null, updated=null}
17:54:48.725 | INFO  |                             HorseService: Inserting horse in service layer Horse{id=null, name='Horse1', breed='Breed1', minSpeed=45.0, maxSpeed=55.0, created=null, updated=null}
17:54:48.725 | INFO  |                                 HorseDao: insert Horse Horse{id=null, name='Horse1', breed='Breed1', minSpeed=45.0, maxSpeed=55.0, created=null, updated=null}
17:54:48.725 | INFO  |                      DBConnectionManager: Get database connection
17:54:48.726 | INFO  |                      DBConnectionManager: Establish database connection
17:54:48.749 | INFO  |                                 HorseDao: Get horse with id 1
17:54:48.749 | INFO  |                      DBConnectionManager: Get database connection
17:54:48.750 | INFO  |                                 HorseDao: Successfully inserted horse with id: 1
17:54:48.753 | INFO  |                      DBConnectionManager: Close database connection
17:54:48.813 | INFO  |                           JockeyEndpoint: POST api/v1/jockeys Jockey{id=null, name='Jockey1', skill=-2000.0, created=null, updated=null}
17:54:48.817 | INFO  |                            JockeyService: Inserting Jockey: Jockey{id=null, name='Jockey1', skill=-2000.0, created=null, updated=null}
17:54:48.818 | INFO  |                                JockeyDao: insert Jockey Jockey{id=null, name='Jockey1', skill=-2000.0, created=null, updated=null}
17:54:48.818 | INFO  |                      DBConnectionManager: Get database connection
17:54:48.818 | INFO  |                      DBConnectionManager: Establish database connection
17:54:48.839 | INFO  |                                JockeyDao: Get jockey with id 1
17:54:48.839 | INFO  |                      DBConnectionManager: Get database connection
17:54:48.842 | INFO  |                                JockeyDao: Successfully inserted jockey with id: 1
17:54:48.859 | INFO  |                           JockeyEndpoint: POST api/v1/jockeys Jockey{id=null, name='Jockey2', skill=33.33, created=null, updated=null}
17:54:48.859 | INFO  |                            JockeyService: Inserting Jockey: Jockey{id=null, name='Jockey2', skill=33.33, created=null, updated=null}
17:54:48.859 | INFO  |                                JockeyDao: insert Jockey Jockey{id=null, name='Jockey2', skill=33.33, created=null, updated=null}
17:54:48.859 | INFO  |                      DBConnectionManager: Get database connection
17:54:48.862 | INFO  |                                JockeyDao: Get jockey with id 2
17:54:48.863 | INFO  |                      DBConnectionManager: Get database connection
17:54:48.865 | INFO  |                                JockeyDao: Successfully inserted jockey with id: 2
17:54:48.871 | INFO  |                           JockeyEndpoint: GET api/v1/jockeys
17:54:48.872 | INFO  |                            JockeyService: Getting all jockeys in service layer
17:54:48.872 | INFO  |                                JockeyDao: Getting all jockeys
17:54:48.872 | INFO  |                      DBConnectionManager: Get database connection
17:54:48.873 | INFO  |                                JockeyDao: Successfully got all jockeys
17:54:48.878 | INFO  |                      DBConnectionManager: Close database connection
17:54:48.893 | INFO  |                           JockeyEndpoint: POST api/v1/jockeys Jockey{id=null, name='Jockey1', skill=-2000.0, created=null, updated=null}
17:54:48.893 | INFO  |                            JockeyService: Inserting Jockey: Jockey{id=null, name='Jockey1', skill=-2000.0, created=null, updated=null}
17:54:48.893 | INFO  |                                JockeyDao: insert Jockey Jockey{id=null, name='Jockey1', skill=-2000.0, created=null, updated=null}
17:54:48.893 | INFO  |                      DBConnectionManager: Get database connection
17:54:48.893 | INFO  |                      DBConnectionManager: Establish database connection
17:54:48.917 | INFO  |                                JockeyDao: Get jockey with id 1
17:54:48.917 | INFO  |                      DBConnectionManager: Get database connection
17:54:48.918 | INFO  |                                JockeyDao: Successfully inserted jockey with id: 1
17:54:48.924 | INFO  |                           JockeyEndpoint: GET api/v1/jockeys
17:54:48.924 | INFO  |                            JockeyService: Getting all jockeys in service layer
17:54:48.924 | INFO  |                                JockeyDao: Getting all jockeys
17:54:48.924 | INFO  |                      DBConnectionManager: Get database connection
17:54:48.926 | INFO  |                                JockeyDao: Successfully got all jockeys
17:54:48.928 | INFO  |                      DBConnectionManager: Close database connection
17:54:48.941 | INFO  |                           JockeyEndpoint: POST api/v1/jockeys Jockey{id=null, name='Jockey1', skill=-2000.0, created=null, updated=null}
17:54:48.942 | INFO  |                            JockeyService: Inserting Jockey: Jockey{id=null, name='Jockey1', skill=-2000.0, created=null, updated=null}
17:54:48.942 | INFO  |                                JockeyDao: insert Jockey Jockey{id=null, name='Jockey1', skill=-2000.0, created=null, updated=null}
17:54:48.942 | INFO  |                      DBConnectionManager: Get database connection
17:54:48.943 | INFO  |                      DBConnectionManager: Establish database connection
17:54:48.964 | INFO  |                                JockeyDao: Get jockey with id 1
17:54:48.964 | INFO  |                      DBConnectionManager: Get database connection
17:54:48.965 | INFO  |                                JockeyDao: Successfully inserted jockey with id: 1
17:54:48.971 | INFO  |                           JockeyEndpoint: GET api/v1/jockeys/1
17:54:48.972 | INFO  |                            JockeyService: Get jockey with id 1
17:54:48.972 | INFO  |                                JockeyDao: Get jockey with id 1
17:54:48.972 | INFO  |                      DBConnectionManager: Get database connection
17:54:48.975 | INFO  |                      DBConnectionManager: Close database connection
17:54:48.987 | INFO  |                           JockeyEndpoint: POST api/v1/jockeys Jockey{id=null, name='Jockey1', skill=-2000.0, created=null, updated=null}
17:54:48.987 | INFO  |                            JockeyService: Inserting Jockey: Jockey{id=null, name='Jockey1', skill=-2000.0, created=null, updated=null}
17:54:48.988 | INFO  |                                JockeyDao: insert Jockey Jockey{id=null, name='Jockey1', skill=-2000.0, created=null, updated=null}
17:54:48.988 | INFO  |                      DBConnectionManager: Get database connection
17:54:48.988 | INFO  |                      DBConnectionManager: Establish database connection
17:54:49.008 | INFO  |                                JockeyDao: Get jockey with id 1
17:54:49.008 | INFO  |                      DBConnectionManager: Get database connection
17:54:49.009 | INFO  |                                JockeyDao: Successfully inserted jockey with id: 1
17:54:49.012 | INFO  |                      DBConnectionManager: Close database connection
17:54:49.024 | INFO  |                           JockeyEndpoint: POST api/v1/jockeys Jockey{id=null, name='Jockey1', skill=-2000.0, created=null, updated=null}
17:54:49.024 | INFO  |                            JockeyService: Inserting Jockey: Jockey{id=null, name='Jockey1', skill=-2000.0, created=null, updated=null}
17:54:49.025 | INFO  |                                JockeyDao: insert Jockey Jockey{id=null, name='Jockey1', skill=-2000.0, created=null, updated=null}
17:54:49.025 | INFO  |                      DBConnectionManager: Get database connection
17:54:49.025 | INFO  |                      DBConnectionManager: Establish database connection
17:54:49.042 | INFO  |                                JockeyDao: Get jockey with id 1
17:54:49.042 | INFO  |                      DBConnectionManager: Get database connection
17:54:49.043 | INFO  |                                JockeyDao: Successfully inserted jockey with id: 1
17:54:49.051 | INFO  |                           JockeyEndpoint: POST api/v1/jockeys Jockey{id=null, name='Jockey2', skill=33.33, created=null, updated=null}
17:54:49.051 | INFO  |                            JockeyService: Inserting Jockey: Jockey{id=null, name='Jockey2', skill=33.33, created=null, updated=null}
17:54:49.051 | INFO  |                                JockeyDao: insert Jockey Jockey{id=null, name='Jockey2', skill=33.33, created=null, updated=null}
17:54:49.051 | INFO  |                      DBConnectionManager: Get database connection
17:54:49.053 | INFO  |                                JockeyDao: Get jockey with id 2
17:54:49.054 | INFO  |                      DBConnectionManager: Get database connection
17:54:49.055 | INFO  |                                JockeyDao: Successfully inserted jockey with id: 2
17:54:49.061 | INFO  |                           JockeyEndpoint: DELETE api/v1/jockeys1
17:54:49.062 | INFO  |                            JockeyService: Deleting Jockey with id 1 in service layer
17:54:49.062 | INFO  |                                JockeyDao: Deleting jockey with id 1
17:54:49.063 | INFO  |                                JockeyDao: Get jockey with id 1
17:54:49.063 | INFO  |                      DBConnectionManager: Get database connection
17:54:49.064 | INFO  |                      DBConnectionManager: Get database connection
17:54:49.066 | INFO  |                                JockeyDao: Successfully deleted jockey with id: 1
17:54:49.069 | INFO  |                           JockeyEndpoint: GET api/v1/jockeys
17:54:49.069 | INFO  |                            JockeyService: Getting all jockeys in service layer
17:54:49.070 | INFO  |                                JockeyDao: Getting all jockeys
17:54:49.070 | INFO  |                      DBConnectionManager: Get database connection
17:54:49.071 | INFO  |                                JockeyDao: Successfully got all jockeys
17:54:49.074 | INFO  |                      DBConnectionManager: Close database connection
17:54:49.099 | INFO  |                            HorseEndpoint: POST /api/v1/horses HorseDto{id=null, name='Horse1', breed='null', minSpeed=40.0, maxSpeed=60.0, created=null, updated=null}
17:54:49.099 | INFO  |                             HorseService: Inserting horse in service layer Horse{id=null, name='Horse1', breed='null', minSpeed=40.0, maxSpeed=60.0, created=null, updated=null}
17:54:49.099 | INFO  |                                 HorseDao: insert Horse Horse{id=null, name='Horse1', breed='null', minSpeed=40.0, maxSpeed=60.0, created=null, updated=null}
17:54:49.099 | INFO  |                      DBConnectionManager: Get database connection
17:54:49.100 | INFO  |                      DBConnectionManager: Establish database connection
17:54:49.113 | INFO  |                                 HorseDao: Get horse with id 1
17:54:49.114 | INFO  |                      DBConnectionManager: Get database connection
17:54:49.115 | INFO  |                                 HorseDao: Successfully inserted horse with id: 1
17:54:49.122 | INFO  |                            HorseEndpoint: POST /api/v1/horses HorseDto{id=null, name='Horse2', breed='null', minSpeed=49.99, maxSpeed=50.0, created=null, updated=null}
17:54:49.123 | INFO  |                             HorseService: Inserting horse in service layer Horse{id=null, name='Horse2', breed='null', minSpeed=49.99, maxSpeed=50.0, created=null, updated=null}
17:54:49.123 | INFO  |                                 HorseDao: insert Horse Horse{id=null, name='Horse2', breed='null', minSpeed=49.99, maxSpeed=50.0, created=null, updated=null}
17:54:49.123 | INFO  |                      DBConnectionManager: Get database connection
17:54:49.126 | INFO  |                                 HorseDao: Get horse with id 2
17:54:49.126 | INFO  |                      DBConnectionManager: Get database connection
17:54:49.127 | INFO  |                                 HorseDao: Successfully inserted horse with id: 2
17:54:49.135 | INFO  |                            HorseEndpoint: POST /api/v1/horses HorseDto{id=null, name='Horse3', breed='null', minSpeed=45.0, maxSpeed=55.0, created=null, updated=null}
17:54:49.135 | INFO  |                             HorseService: Inserting horse in service layer Horse{id=null, name='Horse3', breed='null', minSpeed=45.0, maxSpeed=55.0, created=null, updated=null}
17:54:49.136 | INFO  |                                 HorseDao: insert Horse Horse{id=null, name='Horse3', breed='null', minSpeed=45.0, maxSpeed=55.0, created=null, updated=null}
17:54:49.136 | INFO  |                      DBConnectionManager: Get database connection
17:54:49.137 | INFO  |                                 HorseDao: Get horse with id 3
17:54:49.137 | INFO  |                      DBConnectionManager: Get database connection
17:54:49.138 | INFO  |                                 HorseDao: Successfully inserted horse with id: 3
17:54:49.150 | INFO  |                           JockeyEndpoint: POST api/v1/jockeys Jockey{id=null, name='Jockey1', skill=40.0, created=null, updated=null}
17:54:49.150 | INFO  |                            JockeyService: Inserting Jockey: Jockey{id=null, name='Jockey1', skill=40.0, created=null, updated=null}
17:54:49.150 | INFO  |                                JockeyDao: insert Jockey Jockey{id=null, name='Jockey1', skill=40.0, created=null, updated=null}
17:54:49.150 | INFO  |                      DBConnectionManager: Get database connection
17:54:49.152 | INFO  |                                JockeyDao: Get jockey with id 1
17:54:49.152 | INFO  |                      DBConnectionManager: Get database connection
17:54:49.153 | INFO  |                                JockeyDao: Successfully inserted jockey with id: 1
17:54:49.161 | INFO  |                           JockeyEndpoint: POST api/v1/jockeys Jockey{id=null, name='Jockey2', skill=-1000.0, created=null, updated=null}
17:54:49.162 | INFO  |                            JockeyService: Inserting Jockey: Jockey{id=null, name='Jockey2', skill=-1000.0, created=null, updated=null}
17:54:49.162 | INFO  |                                JockeyDao: insert Jockey Jockey{id=null, name='Jockey2', skill=-1000.0, created=null, updated=null}
17:54:49.162 | INFO  |                      DBConnectionManager: Get database connection
17:54:49.165 | INFO  |                                JockeyDao: Get jockey with id 2
17:54:49.165 | INFO  |                      DBConnectionManager: Get database connection
17:54:49.166 | INFO  |                                JockeyDao: Successfully inserted jockey with id: 2
17:54:49.173 | INFO  |                           JockeyEndpoint: POST api/v1/jockeys Jockey{id=null, name='Jockey3', skill=0.0, created=null, updated=null}
17:54:49.173 | INFO  |                            JockeyService: Inserting Jockey: Jockey{id=null, name='Jockey3', skill=0.0, created=null, updated=null}
17:54:49.173 | INFO  |                                JockeyDao: insert Jockey Jockey{id=null, name='Jockey3', skill=0.0, created=null, updated=null}
17:54:49.174 | INFO  |                      DBConnectionManager: Get database connection
17:54:49.174 | INFO  |                                JockeyDao: Get jockey with id 3
17:54:49.174 | INFO  |                      DBConnectionManager: Get database connection
17:54:49.175 | INFO  |                                JockeyDao: Successfully inserted jockey with id: 3
17:54:49.219 | INFO  |                       SimulationEndpoint: POST /api/v1/simulationsSimulationDto{name='Simulation1', simulationParticipants=[ParticipantDto{horseId=1, jockeyId=1, luckFactor=1.0}, ParticipantDto{horseId=2, jockeyId=2, luckFactor=0.95}, ParticipantDto{horseId=3, jockeyId=3, luckFactor=1.05}]}
17:54:49.267 | INFO  |                        SimulationService: New Simulation in the Service LayerSimulation{id=null, name='Simulation1', created=null, participants=[Participant{id=null, horseId=1, horseName='null', jockeyName='null', jockeyId=1, rank=null, avgSpeed=null, horseSpeed=null, luck=1.0, skill=null, horseUpdate=null, jockeyUpdate=null}, Participant{id=null, horseId=2, horseName='null', jockeyName='null', jockeyId=2, rank=null, avgSpeed=null, horseSpeed=null, luck=0.95, skill=null, horseUpdate=null, jockeyUpdate=null}, Participant{id=null, horseId=3, horseName='null', jockeyName='null', jockeyId=3, rank=null, avgSpeed=null, horseSpeed=null, luck=1.05, skill=null, horseUpdate=null, jockeyUpdate=null}]}
17:54:49.268 | INFO  |                                 HorseDao: Get horse with id 1
17:54:49.269 | INFO  |                      DBConnectionManager: Get database connection
17:54:49.269 | INFO  |                                JockeyDao: Get jockey with id 1
17:54:49.270 | INFO  |                      DBConnectionManager: Get database connection
17:54:49.270 | INFO  |                                 HorseDao: Get horse with id 2
17:54:49.270 | INFO  |                      DBConnectionManager: Get database connection
17:54:49.271 | INFO  |                                JockeyDao: Get jockey with id 2
17:54:49.271 | INFO  |                      DBConnectionManager: Get database connection
17:54:49.272 | INFO  |                                 HorseDao: Get horse with id 3
17:54:49.272 | INFO  |                      DBConnectionManager: Get database connection
17:54:49.273 | INFO  |                                JockeyDao: Get jockey with id 3
17:54:49.273 | INFO  |                      DBConnectionManager: Get database connection
17:54:49.274 | DEBUG |                        SimulationService:  # of Participants entering the race: 3 
17:54:49.281 | DEBUG |                        SimulationService: Processing Participant 1 with horse 1
17:54:49.282 | DEBUG |                        SimulationService: Processing Participant 2 with horse 2
17:54:49.282 | DEBUG |                        SimulationService: Processing Participant 3 with horse 3
17:54:49.286 | DEBUG |                        SimulationService: Size of calculated 3 isEqual: true
17:54:49.287 | INFO  |                            SimulationDao: Inserting new Sim into the database Simulation{id=null, name='Simulation1', created=null, participants=[Participant{id=null, horseId=1, horseName='null', jockeyName='null', jockeyId=1, rank=null, avgSpeed=null, horseSpeed=null, luck=1.0, skill=null, horseUpdate=null, jockeyUpdate=null}, Participant{id=null, horseId=2, horseName='null', jockeyName='null', jockeyId=2, rank=null, avgSpeed=null, horseSpeed=null, luck=0.95, skill=null, horseUpdate=null, jockeyUpdate=null}, Participant{id=null, horseId=3, horseName='null', jockeyName='null', jockeyId=3, rank=null, avgSpeed=null, horseSpeed=null, luck=1.05, skill=null, horseUpdate=null, jockeyUpdate=null}]}
17:54:49.287 | INFO  |                      DBConnectionManager: Get database connection
17:54:49.288 | INFO  |                            SimulationDao: Getting one sim no race info by ID 1
17:54:49.288 | INFO  |                      DBConnectionManager: Get database connection
17:54:49.289 | INFO  |                                 HorseDao: Moving horse with ID 3 to version table
17:54:49.290 | INFO  |                      DBConnectionManager: Get database connection
17:54:49.291 | INFO  |                      DBConnectionManager: Get database connection
17:54:49.291 | INFO  |                                 HorseDao: Get horse with id 3
17:54:49.292 | INFO  |                      DBConnectionManager: Get database connection
17:54:49.292 | INFO  |                      DBConnectionManager: Get database connection
17:54:49.294 | INFO  |                                JockeyDao: Moving jockey with ID 3 to version table
17:54:49.295 | INFO  |                      DBConnectionManager: Get database connection
17:54:49.295 | INFO  |                                JockeyDao: Get jockey with id 3
17:54:49.296 | INFO  |                      DBConnectionManager: Get database connection
17:54:49.296 | INFO  |                      DBConnectionManager: Get database connection
17:54:49.298 | INFO  |                            SimulationDao: Inserting the participantParticipant{id=null, horseId=3, horseName='Horse3', jockeyName='Jockey3', jockeyId=3, rank=1, avgSpeed=57.75, horseSpeed=55.0, luck=1.05, skill=0.0, horseUpdate=2019-03-22T17:54:49.137, jockeyUpdate=2019-03-22T17:54:49.174}
17:54:49.298 | INFO  |                      DBConnectionManager: Get database connection
17:54:49.300 | INFO  |                                 HorseDao: Moving horse with ID 1 to version table
17:54:49.300 | INFO  |                      DBConnectionManager: Get database connection
17:54:49.301 | INFO  |                      DBConnectionManager: Get database connection
17:54:49.303 | INFO  |                                 HorseDao: Get horse with id 1
17:54:49.303 | INFO  |                      DBConnectionManager: Get database connection
17:54:49.304 | INFO  |                      DBConnectionManager: Get database connection
17:54:49.304 | INFO  |                                JockeyDao: Moving jockey with ID 1 to version table
17:54:49.304 | INFO  |                      DBConnectionManager: Get database connection
17:54:49.305 | INFO  |                                JockeyDao: Get jockey with id 1
17:54:49.305 | INFO  |                      DBConnectionManager: Get database connection
17:54:49.305 | INFO  |                      DBConnectionManager: Get database connection
17:54:49.306 | INFO  |                            SimulationDao: Inserting the participantParticipant{id=null, horseId=1, horseName='Horse1', jockeyName='Jockey1', jockeyId=1, rank=2, avgSpeed=53.455, horseSpeed=50.0, luck=1.0, skill=40.0, horseUpdate=2019-03-22T17:54:49.113, jockeyUpdate=2019-03-22T17:54:49.152}
17:54:49.306 | INFO  |                      DBConnectionManager: Get database connection
17:54:49.307 | INFO  |                                 HorseDao: Moving horse with ID 2 to version table
17:54:49.307 | INFO  |                      DBConnectionManager: Get database connection
17:54:49.307 | INFO  |                      DBConnectionManager: Get database connection
17:54:49.308 | INFO  |                                 HorseDao: Get horse with id 2
17:54:49.308 | INFO  |                      DBConnectionManager: Get database connection
17:54:49.309 | INFO  |                      DBConnectionManager: Get database connection
17:54:49.309 | INFO  |                                JockeyDao: Moving jockey with ID 2 to version table
17:54:49.309 | INFO  |                      DBConnectionManager: Get database connection
17:54:49.310 | INFO  |                                JockeyDao: Get jockey with id 2
17:54:49.310 | INFO  |                      DBConnectionManager: Get database connection
17:54:49.310 | INFO  |                      DBConnectionManager: Get database connection
17:54:49.311 | INFO  |                            SimulationDao: Inserting the participantParticipant{id=null, horseId=2, horseName='Horse2', jockeyName='Jockey2', jockeyId=2, rank=3, avgSpeed=43.9382, horseSpeed=49.99, luck=0.95, skill=-1000.0, horseUpdate=2019-03-22T17:54:49.124, jockeyUpdate=2019-03-22T17:54:49.163}
17:54:49.311 | INFO  |                      DBConnectionManager: Get database connection
17:54:49.323 | INFO  |                      DBConnectionManager: Close database connection
17:54:49.406 | INFO  |                             HorseDaoTest: Starting HorseDaoTest on DESKTOP-9S8DPDA with PID 7316 (started by nikit in C:\Users\nikit\Documents\UNI\SEPM2019\sepm-individual-assignment-java-template\01526589)
17:54:49.406 | DEBUG |                             HorseDaoTest: Running with Spring Boot v2.1.2.RELEASE, Spring v5.1.4.RELEASE
17:54:49.406 | INFO  |                             HorseDaoTest: The following profiles are active: test
17:54:50.526 | INFO  |                             HorseDaoTest: Started HorseDaoTest in 1.19 seconds (JVM running for 10.981)
17:54:50.544 | INFO  |                                 HorseDao: Get horse with id 1
17:54:50.544 | INFO  |                      DBConnectionManager: Get database connection
17:54:50.544 | INFO  |                      DBConnectionManager: Establish database connection
17:54:50.561 | INFO  |                      DBConnectionManager: Close database connection
17:54:50.574 | INFO  |                      DBConnectionManager: Close database connection
17:54:50.574 | INFO  |                      DBConnectionManager: Close database connection
17:57:15.451 | INFO  |                     HorseIntegrationTest: Starting HorseIntegrationTest on DESKTOP-9S8DPDA with PID 9660 (started by nikit in C:\Users\nikit\Documents\UNI\SEPM2019\sepm-individual-assignment-java-template\01526589)
17:57:15.455 | DEBUG |                     HorseIntegrationTest: Running with Spring Boot v2.1.2.RELEASE, Spring v5.1.4.RELEASE
17:57:15.455 | INFO  |                     HorseIntegrationTest: The following profiles are active: test
17:57:19.557 | INFO  |                     HorseIntegrationTest: Started HorseIntegrationTest in 4.676 seconds (JVM running for 6.845)
17:57:20.533 | INFO  |                            HorseEndpoint: POST /api/v1/horses HorseDto{id=null, name='Horse1', breed='Breed1', minSpeed=45.0, maxSpeed=55.0, created=null, updated=null}
17:57:20.537 | INFO  |                             HorseService: Inserting horse in service layer Horse{id=null, name='Horse1', breed='Breed1', minSpeed=45.0, maxSpeed=55.0, created=null, updated=null}
17:57:20.538 | INFO  |                                 HorseDao: insert Horse Horse{id=null, name='Horse1', breed='Breed1', minSpeed=45.0, maxSpeed=55.0, created=null, updated=null}
17:57:20.539 | INFO  |                      DBConnectionManager: Get database connection
17:57:20.540 | INFO  |                      DBConnectionManager: Establish database connection
17:57:20.933 | INFO  |                                 HorseDao: Get horse with id 1
17:57:20.933 | INFO  |                      DBConnectionManager: Get database connection
17:57:20.937 | INFO  |                                 HorseDao: Successfully inserted horse with id: 1
17:57:20.985 | INFO  |                            HorseEndpoint: POST /api/v1/horses HorseDto{id=null, name='Horse2', breed='null', minSpeed=40.0, maxSpeed=60.0, created=null, updated=null}
17:57:20.985 | INFO  |                             HorseService: Inserting horse in service layer Horse{id=null, name='Horse2', breed='null', minSpeed=40.0, maxSpeed=60.0, created=null, updated=null}
17:57:20.985 | INFO  |                                 HorseDao: insert Horse Horse{id=null, name='Horse2', breed='null', minSpeed=40.0, maxSpeed=60.0, created=null, updated=null}
17:57:20.986 | INFO  |                      DBConnectionManager: Get database connection
17:57:20.990 | INFO  |                                 HorseDao: Get horse with id 2
17:57:20.990 | INFO  |                      DBConnectionManager: Get database connection
17:57:20.991 | INFO  |                                 HorseDao: Successfully inserted horse with id: 2
17:57:21.008 | INFO  |                            HorseEndpoint: DELETE /api/v1/horses 1
17:57:21.008 | INFO  |                             HorseService: Deleting horse with id 1 in service layer
17:57:21.009 | INFO  |                                 HorseDao: deleting horse with id 1
17:57:21.009 | INFO  |                                 HorseDao: Get horse with id 1
17:57:21.009 | INFO  |                      DBConnectionManager: Get database connection
17:57:21.011 | INFO  |                      DBConnectionManager: Get database connection
17:57:21.015 | INFO  |                                 HorseDao: Successfully deleted horse with id: 1
17:57:21.024 | INFO  |                            HorseEndpoint: GET /api/v1/horses
17:57:21.024 | INFO  |                             HorseService: Getting all horses in service layer
17:57:21.025 | INFO  |                                 HorseDao: Getting all Horses from database
17:57:21.025 | INFO  |                      DBConnectionManager: Get database connection
17:57:21.026 | INFO  |                                 HorseDao: Successfully got all horses
17:57:21.040 | INFO  |                      DBConnectionManager: Close database connection
17:57:21.059 | INFO  |                            HorseEndpoint: POST /api/v1/horses HorseDto{id=null, name='Horse1', breed='Breed1', minSpeed=45.0, maxSpeed=55.0, created=null, updated=null}
17:57:21.060 | INFO  |                             HorseService: Inserting horse in service layer Horse{id=null, name='Horse1', breed='Breed1', minSpeed=45.0, maxSpeed=55.0, created=null, updated=null}
17:57:21.060 | INFO  |                                 HorseDao: insert Horse Horse{id=null, name='Horse1', breed='Breed1', minSpeed=45.0, maxSpeed=55.0, created=null, updated=null}
17:57:21.060 | INFO  |                      DBConnectionManager: Get database connection
17:57:21.060 | INFO  |                      DBConnectionManager: Establish database connection
17:57:21.084 | INFO  |                                 HorseDao: Get horse with id 1
17:57:21.084 | INFO  |                      DBConnectionManager: Get database connection
17:57:21.085 | INFO  |                                 HorseDao: Successfully inserted horse with id: 1
17:57:21.092 | INFO  |                            HorseEndpoint: POST /api/v1/horses HorseDto{id=null, name='Horse2', breed='null', minSpeed=40.0, maxSpeed=60.0, created=null, updated=null}
17:57:21.093 | INFO  |                             HorseService: Inserting horse in service layer Horse{id=null, name='Horse2', breed='null', minSpeed=40.0, maxSpeed=60.0, created=null, updated=null}
17:57:21.093 | INFO  |                                 HorseDao: insert Horse Horse{id=null, name='Horse2', breed='null', minSpeed=40.0, maxSpeed=60.0, created=null, updated=null}
17:57:21.093 | INFO  |                      DBConnectionManager: Get database connection
17:57:21.097 | INFO  |                                 HorseDao: Get horse with id 2
17:57:21.097 | INFO  |                      DBConnectionManager: Get database connection
17:57:21.098 | INFO  |                                 HorseDao: Successfully inserted horse with id: 2
17:57:21.106 | INFO  |                            HorseEndpoint: GET /api/v1/horses
17:57:21.106 | INFO  |                             HorseService: Getting all horses in service layer
17:57:21.106 | INFO  |                                 HorseDao: Getting all Horses from database
17:57:21.106 | INFO  |                      DBConnectionManager: Get database connection
17:57:21.107 | INFO  |                                 HorseDao: Successfully got all horses
17:57:21.112 | INFO  |                      DBConnectionManager: Close database connection
17:57:21.125 | INFO  |                            HorseEndpoint: POST /api/v1/horses HorseDto{id=null, name='Horse1', breed='Breed1', minSpeed=45.0, maxSpeed=55.0, created=null, updated=null}
17:57:21.125 | INFO  |                             HorseService: Inserting horse in service layer Horse{id=null, name='Horse1', breed='Breed1', minSpeed=45.0, maxSpeed=55.0, created=null, updated=null}
17:57:21.125 | INFO  |                                 HorseDao: insert Horse Horse{id=null, name='Horse1', breed='Breed1', minSpeed=45.0, maxSpeed=55.0, created=null, updated=null}
17:57:21.125 | INFO  |                      DBConnectionManager: Get database connection
17:57:21.125 | INFO  |                      DBConnectionManager: Establish database connection
17:57:21.154 | INFO  |                                 HorseDao: Get horse with id 1
17:57:21.154 | INFO  |                      DBConnectionManager: Get database connection
17:57:21.155 | INFO  |                                 HorseDao: Successfully inserted horse with id: 1
17:57:21.164 | INFO  |                            HorseEndpoint: GET /api/v1/horses/1
17:57:21.165 | INFO  |                             HorseService: Get horse with id 1
17:57:21.165 | INFO  |                                 HorseDao: Get horse with id 1
17:57:21.166 | INFO  |                      DBConnectionManager: Get database connection
17:57:21.171 | INFO  |                      DBConnectionManager: Close database connection
17:57:21.184 | INFO  |                            HorseEndpoint: POST /api/v1/horses HorseDto{id=null, name='Horse1', breed='Breed1', minSpeed=45.0, maxSpeed=55.0, created=null, updated=null}
17:57:21.185 | INFO  |                             HorseService: Inserting horse in service layer Horse{id=null, name='Horse1', breed='Breed1', minSpeed=45.0, maxSpeed=55.0, created=null, updated=null}
17:57:21.185 | INFO  |                                 HorseDao: insert Horse Horse{id=null, name='Horse1', breed='Breed1', minSpeed=45.0, maxSpeed=55.0, created=null, updated=null}
17:57:21.185 | INFO  |                      DBConnectionManager: Get database connection
17:57:21.185 | INFO  |                      DBConnectionManager: Establish database connection
17:57:21.207 | INFO  |                                 HorseDao: Get horse with id 1
17:57:21.208 | INFO  |                      DBConnectionManager: Get database connection
17:57:21.208 | INFO  |                                 HorseDao: Successfully inserted horse with id: 1
17:57:21.216 | INFO  |                            HorseEndpoint: GET /api/v1/horses
17:57:21.216 | INFO  |                             HorseService: Getting all horses in service layer
17:57:21.216 | INFO  |                                 HorseDao: Getting all Horses from database
17:57:21.216 | INFO  |                      DBConnectionManager: Get database connection
17:57:21.218 | INFO  |                                 HorseDao: Successfully got all horses
17:57:21.221 | INFO  |                      DBConnectionManager: Close database connection
17:57:21.234 | INFO  |                            HorseEndpoint: POST /api/v1/horses HorseDto{id=null, name='Horse1', breed='Breed1', minSpeed=45.0, maxSpeed=55.0, created=null, updated=null}
17:57:21.235 | INFO  |                             HorseService: Inserting horse in service layer Horse{id=null, name='Horse1', breed='Breed1', minSpeed=45.0, maxSpeed=55.0, created=null, updated=null}
17:57:21.235 | INFO  |                                 HorseDao: insert Horse Horse{id=null, name='Horse1', breed='Breed1', minSpeed=45.0, maxSpeed=55.0, created=null, updated=null}
17:57:21.235 | INFO  |                      DBConnectionManager: Get database connection
17:57:21.235 | INFO  |                      DBConnectionManager: Establish database connection
17:57:21.263 | INFO  |                                 HorseDao: Get horse with id 1
17:57:21.264 | INFO  |                      DBConnectionManager: Get database connection
17:57:21.265 | INFO  |                                 HorseDao: Successfully inserted horse with id: 1
17:57:21.269 | INFO  |                      DBConnectionManager: Close database connection
17:57:21.334 | INFO  |                           JockeyEndpoint: POST api/v1/jockeys Jockey{id=null, name='Jockey1', skill=-2000.0, created=null, updated=null}
17:57:21.337 | INFO  |                            JockeyService: Inserting Jockey: Jockey{id=null, name='Jockey1', skill=-2000.0, created=null, updated=null}
17:57:21.338 | INFO  |                                JockeyDao: insert Jockey Jockey{id=null, name='Jockey1', skill=-2000.0, created=null, updated=null}
17:57:21.338 | INFO  |                      DBConnectionManager: Get database connection
17:57:21.338 | INFO  |                      DBConnectionManager: Establish database connection
17:57:21.371 | INFO  |                                JockeyDao: Get jockey with id 1
17:57:21.371 | INFO  |                      DBConnectionManager: Get database connection
17:57:21.374 | INFO  |                                JockeyDao: Successfully inserted jockey with id: 1
17:57:21.388 | INFO  |                           JockeyEndpoint: POST api/v1/jockeys Jockey{id=null, name='Jockey2', skill=33.33, created=null, updated=null}
17:57:21.388 | INFO  |                            JockeyService: Inserting Jockey: Jockey{id=null, name='Jockey2', skill=33.33, created=null, updated=null}
17:57:21.388 | INFO  |                                JockeyDao: insert Jockey Jockey{id=null, name='Jockey2', skill=33.33, created=null, updated=null}
17:57:21.389 | INFO  |                      DBConnectionManager: Get database connection
17:57:21.391 | INFO  |                                JockeyDao: Get jockey with id 2
17:57:21.392 | INFO  |                      DBConnectionManager: Get database connection
17:57:21.393 | INFO  |                                JockeyDao: Successfully inserted jockey with id: 2
17:57:21.400 | INFO  |                           JockeyEndpoint: GET api/v1/jockeys
17:57:21.401 | INFO  |                            JockeyService: Getting all jockeys in service layer
17:57:21.401 | INFO  |                                JockeyDao: Getting all jockeys
17:57:21.401 | INFO  |                      DBConnectionManager: Get database connection
17:57:21.402 | INFO  |                                JockeyDao: Successfully got all jockeys
17:57:21.407 | INFO  |                      DBConnectionManager: Close database connection
17:57:21.421 | INFO  |                           JockeyEndpoint: POST api/v1/jockeys Jockey{id=null, name='Jockey1', skill=-2000.0, created=null, updated=null}
17:57:21.422 | INFO  |                            JockeyService: Inserting Jockey: Jockey{id=null, name='Jockey1', skill=-2000.0, created=null, updated=null}
17:57:21.422 | INFO  |                                JockeyDao: insert Jockey Jockey{id=null, name='Jockey1', skill=-2000.0, created=null, updated=null}
17:57:21.422 | INFO  |                      DBConnectionManager: Get database connection
17:57:21.422 | INFO  |                      DBConnectionManager: Establish database connection
17:57:21.449 | INFO  |                                JockeyDao: Get jockey with id 1
17:57:21.449 | INFO  |                      DBConnectionManager: Get database connection
17:57:21.450 | INFO  |                                JockeyDao: Successfully inserted jockey with id: 1
17:57:21.456 | INFO  |                           JockeyEndpoint: GET api/v1/jockeys
17:57:21.457 | INFO  |                            JockeyService: Getting all jockeys in service layer
17:57:21.457 | INFO  |                                JockeyDao: Getting all jockeys
17:57:21.457 | INFO  |                      DBConnectionManager: Get database connection
17:57:21.458 | INFO  |                                JockeyDao: Successfully got all jockeys
17:57:21.462 | INFO  |                      DBConnectionManager: Close database connection
17:57:21.476 | INFO  |                           JockeyEndpoint: POST api/v1/jockeys Jockey{id=null, name='Jockey1', skill=-2000.0, created=null, updated=null}
17:57:21.476 | INFO  |                            JockeyService: Inserting Jockey: Jockey{id=null, name='Jockey1', skill=-2000.0, created=null, updated=null}
17:57:21.477 | INFO  |                                JockeyDao: insert Jockey Jockey{id=null, name='Jockey1', skill=-2000.0, created=null, updated=null}
17:57:21.477 | INFO  |                      DBConnectionManager: Get database connection
17:57:21.478 | INFO  |                      DBConnectionManager: Establish database connection
17:57:21.500 | INFO  |                                JockeyDao: Get jockey with id 1
17:57:21.501 | INFO  |                      DBConnectionManager: Get database connection
17:57:21.502 | INFO  |                                JockeyDao: Successfully inserted jockey with id: 1
17:57:21.513 | INFO  |                           JockeyEndpoint: GET api/v1/jockeys/1
17:57:21.513 | INFO  |                            JockeyService: Get jockey with id 1
17:57:21.514 | INFO  |                                JockeyDao: Get jockey with id 1
17:57:21.514 | INFO  |                      DBConnectionManager: Get database connection
17:57:21.518 | INFO  |                      DBConnectionManager: Close database connection
17:57:21.533 | INFO  |                           JockeyEndpoint: POST api/v1/jockeys Jockey{id=null, name='Jockey1', skill=-2000.0, created=null, updated=null}
17:57:21.533 | INFO  |                            JockeyService: Inserting Jockey: Jockey{id=null, name='Jockey1', skill=-2000.0, created=null, updated=null}
17:57:21.533 | INFO  |                                JockeyDao: insert Jockey Jockey{id=null, name='Jockey1', skill=-2000.0, created=null, updated=null}
17:57:21.533 | INFO  |                      DBConnectionManager: Get database connection
17:57:21.534 | INFO  |                      DBConnectionManager: Establish database connection
17:57:21.555 | INFO  |                                JockeyDao: Get jockey with id 1
17:57:21.555 | INFO  |                      DBConnectionManager: Get database connection
17:57:21.556 | INFO  |                                JockeyDao: Successfully inserted jockey with id: 1
17:57:21.559 | INFO  |                      DBConnectionManager: Close database connection
17:57:21.574 | INFO  |                           JockeyEndpoint: POST api/v1/jockeys Jockey{id=null, name='Jockey1', skill=-2000.0, created=null, updated=null}
17:57:21.574 | INFO  |                            JockeyService: Inserting Jockey: Jockey{id=null, name='Jockey1', skill=-2000.0, created=null, updated=null}
17:57:21.574 | INFO  |                                JockeyDao: insert Jockey Jockey{id=null, name='Jockey1', skill=-2000.0, created=null, updated=null}
17:57:21.574 | INFO  |                      DBConnectionManager: Get database connection
17:57:21.574 | INFO  |                      DBConnectionManager: Establish database connection
17:57:21.602 | INFO  |                                JockeyDao: Get jockey with id 1
17:57:21.602 | INFO  |                      DBConnectionManager: Get database connection
17:57:21.603 | INFO  |                                JockeyDao: Successfully inserted jockey with id: 1
17:57:21.611 | INFO  |                           JockeyEndpoint: POST api/v1/jockeys Jockey{id=null, name='Jockey2', skill=33.33, created=null, updated=null}
17:57:21.612 | INFO  |                            JockeyService: Inserting Jockey: Jockey{id=null, name='Jockey2', skill=33.33, created=null, updated=null}
17:57:21.612 | INFO  |                                JockeyDao: insert Jockey Jockey{id=null, name='Jockey2', skill=33.33, created=null, updated=null}
17:57:21.612 | INFO  |                      DBConnectionManager: Get database connection
17:57:21.615 | INFO  |                                JockeyDao: Get jockey with id 2
17:57:21.615 | INFO  |                      DBConnectionManager: Get database connection
17:57:21.617 | INFO  |                                JockeyDao: Successfully inserted jockey with id: 2
17:57:21.625 | INFO  |                           JockeyEndpoint: DELETE api/v1/jockeys1
17:57:21.626 | INFO  |                            JockeyService: Deleting Jockey with id 1 in service layer
17:57:21.627 | INFO  |                                JockeyDao: Deleting jockey with id 1
17:57:21.627 | INFO  |                                JockeyDao: Get jockey with id 1
17:57:21.627 | INFO  |                      DBConnectionManager: Get database connection
17:57:21.628 | INFO  |                      DBConnectionManager: Get database connection
17:57:21.629 | INFO  |                                JockeyDao: Successfully deleted jockey with id: 1
17:57:21.634 | INFO  |                           JockeyEndpoint: GET api/v1/jockeys
17:57:21.634 | INFO  |                            JockeyService: Getting all jockeys in service layer
17:57:21.635 | INFO  |                                JockeyDao: Getting all jockeys
17:57:21.635 | INFO  |                      DBConnectionManager: Get database connection
17:57:21.636 | INFO  |                                JockeyDao: Successfully got all jockeys
17:57:21.639 | INFO  |                      DBConnectionManager: Close database connection
17:57:21.663 | INFO  |                            HorseEndpoint: POST /api/v1/horses HorseDto{id=null, name='Horse1', breed='null', minSpeed=40.0, maxSpeed=60.0, created=null, updated=null}
17:57:21.664 | INFO  |                             HorseService: Inserting horse in service layer Horse{id=null, name='Horse1', breed='null', minSpeed=40.0, maxSpeed=60.0, created=null, updated=null}
17:57:21.664 | INFO  |                                 HorseDao: insert Horse Horse{id=null, name='Horse1', breed='null', minSpeed=40.0, maxSpeed=60.0, created=null, updated=null}
17:57:21.664 | INFO  |                      DBConnectionManager: Get database connection
17:57:21.664 | INFO  |                      DBConnectionManager: Establish database connection
17:57:21.683 | INFO  |                                 HorseDao: Get horse with id 1
17:57:21.683 | INFO  |                      DBConnectionManager: Get database connection
17:57:21.684 | INFO  |                                 HorseDao: Successfully inserted horse with id: 1
17:57:21.693 | INFO  |                            HorseEndpoint: POST /api/v1/horses HorseDto{id=null, name='Horse2', breed='null', minSpeed=49.99, maxSpeed=50.0, created=null, updated=null}
17:57:21.693 | INFO  |                             HorseService: Inserting horse in service layer Horse{id=null, name='Horse2', breed='null', minSpeed=49.99, maxSpeed=50.0, created=null, updated=null}
17:57:21.693 | INFO  |                                 HorseDao: insert Horse Horse{id=null, name='Horse2', breed='null', minSpeed=49.99, maxSpeed=50.0, created=null, updated=null}
17:57:21.693 | INFO  |                      DBConnectionManager: Get database connection
17:57:21.696 | INFO  |                                 HorseDao: Get horse with id 2
17:57:21.696 | INFO  |                      DBConnectionManager: Get database connection
17:57:21.697 | INFO  |                                 HorseDao: Successfully inserted horse with id: 2
17:57:21.707 | INFO  |                            HorseEndpoint: POST /api/v1/horses HorseDto{id=null, name='Horse3', breed='null', minSpeed=45.0, maxSpeed=55.0, created=null, updated=null}
17:57:21.707 | INFO  |                             HorseService: Inserting horse in service layer Horse{id=null, name='Horse3', breed='null', minSpeed=45.0, maxSpeed=55.0, created=null, updated=null}
17:57:21.707 | INFO  |                                 HorseDao: insert Horse Horse{id=null, name='Horse3', breed='null', minSpeed=45.0, maxSpeed=55.0, created=null, updated=null}
17:57:21.709 | INFO  |                      DBConnectionManager: Get database connection
17:57:21.711 | INFO  |                                 HorseDao: Get horse with id 3
17:57:21.712 | INFO  |                      DBConnectionManager: Get database connection
17:57:21.713 | INFO  |                                 HorseDao: Successfully inserted horse with id: 3
17:57:21.726 | INFO  |                           JockeyEndpoint: POST api/v1/jockeys Jockey{id=null, name='Jockey1', skill=40.0, created=null, updated=null}
17:57:21.727 | INFO  |                            JockeyService: Inserting Jockey: Jockey{id=null, name='Jockey1', skill=40.0, created=null, updated=null}
17:57:21.728 | INFO  |                                JockeyDao: insert Jockey Jockey{id=null, name='Jockey1', skill=40.0, created=null, updated=null}
17:57:21.730 | INFO  |                      DBConnectionManager: Get database connection
17:57:21.733 | INFO  |                                JockeyDao: Get jockey with id 1
17:57:21.733 | INFO  |                      DBConnectionManager: Get database connection
17:57:21.735 | INFO  |                                JockeyDao: Successfully inserted jockey with id: 1
17:57:21.745 | INFO  |                           JockeyEndpoint: POST api/v1/jockeys Jockey{id=null, name='Jockey2', skill=-1000.0, created=null, updated=null}
17:57:21.745 | INFO  |                            JockeyService: Inserting Jockey: Jockey{id=null, name='Jockey2', skill=-1000.0, created=null, updated=null}
17:57:21.746 | INFO  |                                JockeyDao: insert Jockey Jockey{id=null, name='Jockey2', skill=-1000.0, created=null, updated=null}
17:57:21.746 | INFO  |                      DBConnectionManager: Get database connection
17:57:21.749 | INFO  |                                JockeyDao: Get jockey with id 2
17:57:21.749 | INFO  |                      DBConnectionManager: Get database connection
17:57:21.751 | INFO  |                                JockeyDao: Successfully inserted jockey with id: 2
17:57:21.759 | INFO  |                           JockeyEndpoint: POST api/v1/jockeys Jockey{id=null, name='Jockey3', skill=0.0, created=null, updated=null}
17:57:21.760 | INFO  |                            JockeyService: Inserting Jockey: Jockey{id=null, name='Jockey3', skill=0.0, created=null, updated=null}
17:57:21.760 | INFO  |                                JockeyDao: insert Jockey Jockey{id=null, name='Jockey3', skill=0.0, created=null, updated=null}
17:57:21.760 | INFO  |                      DBConnectionManager: Get database connection
17:57:21.761 | INFO  |                                JockeyDao: Get jockey with id 3
17:57:21.761 | INFO  |                      DBConnectionManager: Get database connection
17:57:21.763 | INFO  |                                JockeyDao: Successfully inserted jockey with id: 3
17:57:21.807 | INFO  |                       SimulationEndpoint: POST /api/v1/simulationsSimulationDto{name='Simulation1', simulationParticipants=[ParticipantDto{horseId=1, jockeyId=1, luckFactor=1.0}, ParticipantDto{horseId=2, jockeyId=2, luckFactor=0.95}, ParticipantDto{horseId=3, jockeyId=3, luckFactor=1.05}]}
17:57:21.853 | INFO  |                        SimulationService: New Simulation in the Service LayerSimulation{id=null, name='Simulation1', created=null, participants=[Participant{id=null, horseId=1, horseName='null', jockeyName='null', jockeyId=1, rank=null, avgSpeed=null, horseSpeed=null, luck=1.0, skill=null, horseUpdate=null, jockeyUpdate=null}, Participant{id=null, horseId=2, horseName='null', jockeyName='null', jockeyId=2, rank=null, avgSpeed=null, horseSpeed=null, luck=0.95, skill=null, horseUpdate=null, jockeyUpdate=null}, Participant{id=null, horseId=3, horseName='null', jockeyName='null', jockeyId=3, rank=null, avgSpeed=null, horseSpeed=null, luck=1.05, skill=null, horseUpdate=null, jockeyUpdate=null}]}
17:57:21.855 | INFO  |                                 HorseDao: Get horse with id 1
17:57:21.855 | INFO  |                      DBConnectionManager: Get database connection
17:57:21.856 | INFO  |                                JockeyDao: Get jockey with id 1
17:57:21.856 | INFO  |                      DBConnectionManager: Get database connection
17:57:21.857 | INFO  |                                 HorseDao: Get horse with id 2
17:57:21.858 | INFO  |                      DBConnectionManager: Get database connection
17:57:21.859 | INFO  |                                JockeyDao: Get jockey with id 2
17:57:21.859 | INFO  |                      DBConnectionManager: Get database connection
17:57:21.860 | INFO  |                                 HorseDao: Get horse with id 3
17:57:21.860 | INFO  |                      DBConnectionManager: Get database connection
17:57:21.862 | INFO  |                                JockeyDao: Get jockey with id 3
17:57:21.862 | INFO  |                      DBConnectionManager: Get database connection
17:57:21.864 | DEBUG |                        SimulationService:  # of Participants entering the race: 3 
17:57:21.872 | DEBUG |                        SimulationService: Processing Participant 1 with horse 1
17:57:21.873 | DEBUG |                        SimulationService: Processing Participant 2 with horse 2
17:57:21.873 | DEBUG |                        SimulationService: Processing Participant 3 with horse 3
17:57:21.878 | DEBUG |                        SimulationService: Size of calculated 3 isEqual: true
17:57:21.879 | INFO  |                            SimulationDao: Inserting new Sim into the database Simulation{id=null, name='Simulation1', created=null, participants=[Participant{id=null, horseId=1, horseName='null', jockeyName='null', jockeyId=1, rank=null, avgSpeed=null, horseSpeed=null, luck=1.0, skill=null, horseUpdate=null, jockeyUpdate=null}, Participant{id=null, horseId=2, horseName='null', jockeyName='null', jockeyId=2, rank=null, avgSpeed=null, horseSpeed=null, luck=0.95, skill=null, horseUpdate=null, jockeyUpdate=null}, Participant{id=null, horseId=3, horseName='null', jockeyName='null', jockeyId=3, rank=null, avgSpeed=null, horseSpeed=null, luck=1.05, skill=null, horseUpdate=null, jockeyUpdate=null}]}
17:57:21.879 | INFO  |                      DBConnectionManager: Get database connection
17:57:21.880 | INFO  |                            SimulationDao: Getting one sim no race info by ID 1
17:57:21.881 | INFO  |                      DBConnectionManager: Get database connection
17:57:21.882 | INFO  |                                 HorseDao: Moving horse with ID 3 to version table
17:57:21.882 | INFO  |                      DBConnectionManager: Get database connection
17:57:21.883 | INFO  |                      DBConnectionManager: Get database connection
17:57:21.884 | INFO  |                                 HorseDao: Get horse with id 3
17:57:21.885 | INFO  |                      DBConnectionManager: Get database connection
17:57:21.886 | INFO  |                      DBConnectionManager: Get database connection
17:57:21.888 | INFO  |                                JockeyDao: Moving jockey with ID 3 to version table
17:57:21.889 | INFO  |                      DBConnectionManager: Get database connection
17:57:21.889 | INFO  |                                JockeyDao: Get jockey with id 3
17:57:21.889 | INFO  |                      DBConnectionManager: Get database connection
17:57:21.890 | INFO  |                      DBConnectionManager: Get database connection
17:57:21.891 | INFO  |                            SimulationDao: Inserting the participantParticipant{id=null, horseId=3, horseName='Horse3', jockeyName='Jockey3', jockeyId=3, rank=1, avgSpeed=57.75, horseSpeed=55.0, luck=1.05, skill=0.0, horseUpdate=2019-03-22T17:57:21.710, jockeyUpdate=2019-03-22T17:57:21.761}
17:57:21.891 | INFO  |                      DBConnectionManager: Get database connection
17:57:21.893 | INFO  |                                 HorseDao: Moving horse with ID 1 to version table
17:57:21.893 | INFO  |                      DBConnectionManager: Get database connection
17:57:21.894 | INFO  |                      DBConnectionManager: Get database connection
17:57:21.898 | INFO  |                                 HorseDao: Get horse with id 1
17:57:21.898 | INFO  |                      DBConnectionManager: Get database connection
17:57:21.899 | INFO  |                      DBConnectionManager: Get database connection
17:57:21.899 | INFO  |                                JockeyDao: Moving jockey with ID 1 to version table
17:57:21.899 | INFO  |                      DBConnectionManager: Get database connection
17:57:21.900 | INFO  |                                JockeyDao: Get jockey with id 1
17:57:21.900 | INFO  |                      DBConnectionManager: Get database connection
17:57:21.900 | INFO  |                      DBConnectionManager: Get database connection
17:57:21.901 | INFO  |                            SimulationDao: Inserting the participantParticipant{id=null, horseId=1, horseName='Horse1', jockeyName='Jockey1', jockeyId=1, rank=2, avgSpeed=53.455, horseSpeed=50.0, luck=1.0, skill=40.0, horseUpdate=2019-03-22T17:57:21.682, jockeyUpdate=2019-03-22T17:57:21.732}
17:57:21.901 | INFO  |                      DBConnectionManager: Get database connection
17:57:21.902 | INFO  |                                 HorseDao: Moving horse with ID 2 to version table
17:57:21.902 | INFO  |                      DBConnectionManager: Get database connection
17:57:21.903 | INFO  |                      DBConnectionManager: Get database connection
17:57:21.904 | INFO  |                                 HorseDao: Get horse with id 2
17:57:21.904 | INFO  |                      DBConnectionManager: Get database connection
17:57:21.905 | INFO  |                      DBConnectionManager: Get database connection
17:57:21.905 | INFO  |                                JockeyDao: Moving jockey with ID 2 to version table
17:57:21.905 | INFO  |                      DBConnectionManager: Get database connection
17:57:21.906 | INFO  |                                JockeyDao: Get jockey with id 2
17:57:21.906 | INFO  |                      DBConnectionManager: Get database connection
17:57:21.907 | INFO  |                      DBConnectionManager: Get database connection
17:57:21.908 | INFO  |                            SimulationDao: Inserting the participantParticipant{id=null, horseId=2, horseName='Horse2', jockeyName='Jockey2', jockeyId=2, rank=3, avgSpeed=43.9382, horseSpeed=49.99, luck=0.95, skill=-1000.0, horseUpdate=2019-03-22T17:57:21.695, jockeyUpdate=2019-03-22T17:57:21.748}
17:57:21.908 | INFO  |                      DBConnectionManager: Get database connection
17:57:21.920 | INFO  |                      DBConnectionManager: Close database connection
17:57:22.002 | INFO  |                             HorseDaoTest: Starting HorseDaoTest on DESKTOP-9S8DPDA with PID 9660 (started by nikit in C:\Users\nikit\Documents\UNI\SEPM2019\sepm-individual-assignment-java-template\01526589)
17:57:22.003 | DEBUG |                             HorseDaoTest: Running with Spring Boot v2.1.2.RELEASE, Spring v5.1.4.RELEASE
17:57:22.003 | INFO  |                             HorseDaoTest: The following profiles are active: test
17:57:23.291 | INFO  |                             HorseDaoTest: Started HorseDaoTest in 1.35 seconds (JVM running for 10.577)
17:57:23.308 | INFO  |                                 HorseDao: Get horse with id 1
17:57:23.309 | INFO  |                      DBConnectionManager: Get database connection
17:57:23.309 | INFO  |                      DBConnectionManager: Establish database connection
17:57:23.325 | INFO  |                      DBConnectionManager: Close database connection
17:57:23.335 | INFO  |                      DBConnectionManager: Close database connection
17:57:23.335 | INFO  |                      DBConnectionManager: Close database connection
